<?xml version="1.0" encoding="UTF-8"?>
<testsuite name="com.fullcyccle.admin.catalogo.application.UseCaseTest" tests="1" skipped="0" failures="0" errors="0" timestamp="2023-07-23T18:49:17" hostname="Milena" time="0.049">
  <properties/>
  <testcase name="testCreateUseCase()" classname="com.fullcyccle.admin.catalogo.application.UseCaseTest" time="0.049"/>
  <system-out><![CDATA[]]></system-out>
  <system-err><![CDATA[]]></system-err>
</testsuite>
