<?xml version="1.0" encoding="UTF-8"?>
<testsuite name="com.fullcyccle.admin.catalogo.infrastructure.MainTest" tests="1" skipped="0" failures="0" errors="0" timestamp="2023-07-23T18:53:00" hostname="Milena" time="0.08">
  <properties/>
  <testcase name="testMain()" classname="com.fullcyccle.admin.catalogo.infrastructure.MainTest" time="0.08"/>
  <system-out><![CDATA[Hello world!
com.fullcyccle.admin.catalogo.domain.Category@17f62e33
]]></system-out>
  <system-err><![CDATA[]]></system-err>
</testsuite>
